{"/home/madhumathi/repos/Intermediate-Javascript/BattleShip/src/gameBoard.js": {"path":"/home/madhumathi/repos/Intermediate-Javascript/BattleShip/src/gameBoard.js","all":false,"statementMap":{"0":{"start":{"line":1,"column":0},"end":{"line":1,"column":14}},"1":{"start":{"line":2,"column":0},"end":{"line":2,"column":0}},"2":{"start":{"line":3,"column":0},"end":{"line":3,"column":30}},"3":{"start":{"line":4,"column":0},"end":{"line":4,"column":18}},"4":{"start":{"line":5,"column":0},"end":{"line":5,"column":1}},"5":{"start":{"line":6,"column":0},"end":{"line":6,"column":0}},"6":{"start":{"line":7,"column":0},"end":{"line":7,"column":25}}},"s":{"0":1,"1":1,"2":1,"3":1,"4":1,"5":1,"6":1},"branchMap":{"0":{"type":"branch","line":3,"loc":{"start":{"line":3,"column":0},"end":{"line":5,"column":1}},"locations":[{"start":{"line":3,"column":0},"end":{"line":5,"column":1}}]}},"b":{"0":[1]},"fnMap":{"0":{"name":"gameBoard","decl":{"start":{"line":3,"column":0},"end":{"line":5,"column":1}},"loc":{"start":{"line":3,"column":0},"end":{"line":5,"column":1}},"line":3}},"f":{"0":1}}
}
